[LOGIN] 2017-03-28 18:47:56.730 [JavaFX Application Thread] LoginController - tea
[LOGIN] 2017-03-28 18:49:11.724 [JavaFX Application Thread] LoginController - tea
[LOGIN] 2017-03-28 18:49:12.486 [JavaFX Application Thread] LoginController - tea
[LOGIN] 2017-03-28 18:49:13.654 [JavaFX Application Thread] LoginController - teafdssdf
[LOGIN] 2017-03-28 18:49:14.279 [JavaFX Application Thread] LoginController - teafdssdf
[LOGIN] 2017-03-28 18:49:14.751 [JavaFX Application Thread] LoginController - teafdssdf
[LOGIN] 2017-03-28 18:49:15.006 [JavaFX Application Thread] LoginController - teafdssdf
[LOGIN] 2017-03-28 18:49:15.174 [JavaFX Application Thread] LoginController - teafdssdf
[LOGIN] 2017-03-28 18:49:15.342 [JavaFX Application Thread] LoginController - teafdssdf
[LOGIN] 2017-03-28 18:49:15.505 [JavaFX Application Thread] LoginController - teafdssdf
[LOGIN] 2017-03-28 19:02:14.070 [JavaFX Application Thread] LoginController - sds
[LOGIN] 2017-03-28 19:02:15.902 [JavaFX Application Thread] LoginController - sds
[LOGIN] 2017-03-28 19:02:16.983 [JavaFX Application Thread] LoginController - sds
[LOGIN] 2017-03-28 19:02:17.089 [JavaFX Application Thread] LoginController - sds
[LOGIN] 2017-03-28 19:02:17.686 [JavaFX Application Thread] LoginController - sds
[LOGIN] 2017-03-28 19:02:18.030 [JavaFX Application Thread] LoginController - sds
[LOGIN] 2017-03-28 19:07:54.892 [JavaFX Application Thread] LoginController - 
[LOGIN] 2017-03-28 19:07:55.843 [JavaFX Application Thread] LoginController - 
[LOGIN] 2017-03-28 19:07:56.411 [JavaFX Application Thread] LoginController - 
[LOGIN] 2017-03-28 19:07:56.789 [JavaFX Application Thread] LoginController - 
[LOGIN] 2017-03-29 18:57:12.856 [JavaFX Application Thread] LoginController - darren
[LOGIN] 2017-03-29 18:58:38.654 [JavaFX Application Thread] LoginController - darren
[LOGIN] 2017-03-29 19:13:51.578 [JavaFX Application Thread] LoginController - darren
[LOGIN] 2017-03-29 19:17:46.836 [JavaFX Application Thread] LoginController - darren
[LOGIN] 2017-03-29 19:20:58.844 [JavaFX Application Thread] LoginController - darren
[LOGIN] 2017-03-29 19:21:41.536 [JavaFX Application Thread] LoginController - darren
[LOGIN] 2017-03-29 20:28:44.911 [JavaFX Application Thread] LoginController - darren
[LOGIN] 2017-03-29 21:24:17.659 [JavaFX Application Thread] LoginController - darren
[LOGIN] 2017-03-29 21:29:45.223 [JavaFX Application Thread] LoginController - darren
[LOGIN] 2017-03-29 21:35:24.083 [JavaFX Application Thread] LoginController - darren
[LOGIN] 2017-03-29 21:35:53.971 [JavaFX Application Thread] LoginController - darren
[LOGIN] 2017-03-29 21:39:02.658 [JavaFX Application Thread] LoginController - darren
[LOGIN] 2017-03-29 21:42:01.911 [JavaFX Application Thread] LoginController - darren
[LOGIN] 2017-03-29 22:06:05.594 [JavaFX Application Thread] LoginController - darren
[LOGIN] 2017-03-29 22:22:21.884 [JavaFX Application Thread] LoginController - darren
